[2025-11-05 19:49:19,309] multiqc                                            [DEBUG  ]  This is MultiQC v1.21
[2025-11-05 19:49:19,309] multiqc                                            [DEBUG  ]  Command used: /home/khaled/miniconda3/envs/rna_mapping/bin/multiqc . -o ./multiqc
[2025-11-05 19:49:19,893] multiqc                                            [WARNING]  MultiQC Version v1.32 now available!
[2025-11-05 19:49:19,894] multiqc                                            [DEBUG  ]  Latest MultiQC version is v1.32, released 2025-10-25
[2025-11-05 19:49:19,894] multiqc                                            [DEBUG  ]  Working dir : /home/khaled/Desktop/projects/Cutaneous_Leishmaniasisi/results
[2025-11-05 19:49:19,894] multiqc                                            [DEBUG  ]  Template    : default
[2025-11-05 19:49:19,894] multiqc                                            [DEBUG  ]  Running Python 3.14.0 | packaged by conda-forge | (main, Oct 22 2025, 23:24:08) [GCC 14.3.0]
[2025-11-05 19:49:19,895] multiqc                                            [DEBUG  ]  Analysing modules: custom_content, ccs, ngsderive, purple, conpair, isoseq, lima, peddy, somalier, methylqa, mosdepth, phantompeakqualtools, qualimap, bamdst, preseq, hifiasm, quast, qorts, rna_seqc, rockhopper, rsem, rseqc, busco, bustools, goleft_indexcov, gffcompare, disambiguate, supernova, deeptools, sargasso, verifybamid, mirtrace, happy, mirtop, sambamba, gopeaks, homer, hops, macs2, theta2, snpeff, gatk, htseq, bcftools, featureCounts, fgbio, dragen, dragen_fastqc, dedup, pbmarkdup, damageprofiler, mapdamage, biobambam2, jcvi, mtnucratio, picard, vep, bakta, prokka, qc3C, nanostat, samblaster, samtools, sexdeterrmine, seqera_cli, eigenstratdatabasetools, bamtools, jellyfish, vcftools, longranger, stacks, varscan2, snippy, umitools, truvari, megahit, bbmap, bismark, biscuit, diamond, hicexplorer, hicup, hicpro, salmon, kallisto, slamdunk, star, hisat2, tophat, bowtie2, bowtie1, cellranger, snpsplit, odgi, pangolin, nextclade, freyja, humid, kat, leehom, librarian, nonpareil, adapterRemoval, bbduk, clipandmerge, cutadapt, flexbar, sourmash, kaiju, bracken, kraken, malt, motus, trimmomatic, sickle, skewer, sortmerna, biobloomtools, fastq_screen, afterqc, fastp, fastqc, filtlong, prinseqplusplus, pychopper, porechop, pycoqc, minionqc, anglerfish, multivcfanalyzer, clusterflow, checkqc, bcl2fastq, bclconvert, interop, ivar, flash, seqyclean, optitype, whatshap, spaceranger, xenome, xengsort, metaphlan, seqwho
[2025-11-05 19:49:19,896] multiqc                                            [DEBUG  ]  Using temporary directory for creating report: /tmp/tmp98xjrqf9
[2025-11-05 19:49:19,899] multiqc                                            [INFO   ]  Search path : /home/khaled/Desktop/projects/Cutaneous_Leishmaniasisi/results
[2025-11-05 19:49:20,177] multiqc                                            [DEBUG  ]  Summary of files that were skipped by the search: [skipped_module_specific_max_filesize: 130] // [skipped_no_match: 10]
[2025-11-05 19:49:20,195] multiqc                                            [DEBUG  ]  No samples found: custom_content
[2025-11-05 19:49:20,228] multiqc.modules.fastqc.fastqc                      [INFO   ]  Found 10 reports
[2025-11-05 19:49:20,228] multiqc.utils.util_functions                       [DEBUG  ]  Wrote data file multiqc_fastqc.txt
[2025-11-05 19:49:20,453] multiqc.plots.plotly.heatmap                       [DEBUG  ]  Heatmap size: 450x450, px per element: 45.00x45.00
[2025-11-05 19:49:20,456] multiqc.utils.software_versions                    [DEBUG  ]  Reading software versions from config.software_versions
[2025-11-05 19:49:20,457] multiqc.utils.util_functions                       [DEBUG  ]  Wrote data file multiqc_software_versions.txt
[2025-11-05 19:49:20,470] multiqc.utils.util_functions                       [DEBUG  ]  Wrote data file multiqc_general_stats.txt
[2025-11-05 19:49:20,470] multiqc                                            [DEBUG  ]  Compressing plot data
[2025-11-05 19:49:20,619] multiqc.utils.util_functions                       [DEBUG  ]  Wrote data file multiqc_data.json
[2025-11-05 19:49:20,619] multiqc                                            [INFO   ]  Report      : multiqc/multiqc_report.html
[2025-11-05 19:49:20,619] multiqc                                            [INFO   ]  Data        : multiqc/multiqc_data
[2025-11-05 19:49:20,619] multiqc                                            [DEBUG  ]  Moving data file from '/tmp/tmp98xjrqf9/multiqc_data' to '/home/khaled/Desktop/projects/Cutaneous_Leishmaniasisi/results/multiqc/multiqc_data'
[2025-11-05 19:49:20,621] multiqc                                            [DEBUG  ]  Full report path: /home/khaled/Desktop/projects/Cutaneous_Leishmaniasisi/results/multiqc/multiqc_report.html
[2025-11-05 19:49:20,800] multiqc                                            [INFO   ]  MultiQC complete
