[2025-11-05 21:25:33,048] multiqc                                            [DEBUG  ]  This is MultiQC v1.21
[2025-11-05 21:25:33,049] multiqc                                            [DEBUG  ]  Command used: /home/khaled/miniconda3/envs/rna_mapping/bin/multiqc . -o ./multiqc
[2025-11-05 21:25:44,464] multiqc                                            [WARNING]  MultiQC Version v1.32 now available!
[2025-11-05 21:25:44,465] multiqc                                            [DEBUG  ]  Latest MultiQC version is v1.32, released 2025-10-25
[2025-11-05 21:25:44,465] multiqc                                            [DEBUG  ]  Working dir : /home/khaled/Desktop/projects/Cutaneous_Leishmaniasisi/results
[2025-11-05 21:25:44,466] multiqc                                            [DEBUG  ]  Template    : default
[2025-11-05 21:25:44,466] multiqc                                            [DEBUG  ]  Running Python 3.14.0 | packaged by conda-forge | (main, Oct 22 2025, 23:24:08) [GCC 14.3.0]
[2025-11-05 21:25:44,467] multiqc                                            [DEBUG  ]  Analysing modules: custom_content, ccs, ngsderive, purple, conpair, isoseq, lima, peddy, somalier, methylqa, mosdepth, phantompeakqualtools, qualimap, bamdst, preseq, hifiasm, quast, qorts, rna_seqc, rockhopper, rsem, rseqc, busco, bustools, goleft_indexcov, gffcompare, disambiguate, supernova, deeptools, sargasso, verifybamid, mirtrace, happy, mirtop, sambamba, gopeaks, homer, hops, macs2, theta2, snpeff, gatk, htseq, bcftools, featureCounts, fgbio, dragen, dragen_fastqc, dedup, pbmarkdup, damageprofiler, mapdamage, biobambam2, jcvi, mtnucratio, picard, vep, bakta, prokka, qc3C, nanostat, samblaster, samtools, sexdeterrmine, seqera_cli, eigenstratdatabasetools, bamtools, jellyfish, vcftools, longranger, stacks, varscan2, snippy, umitools, truvari, megahit, bbmap, bismark, biscuit, diamond, hicexplorer, hicup, hicpro, salmon, kallisto, slamdunk, star, hisat2, tophat, bowtie2, bowtie1, cellranger, snpsplit, odgi, pangolin, nextclade, freyja, humid, kat, leehom, librarian, nonpareil, adapterRemoval, bbduk, clipandmerge, cutadapt, flexbar, sourmash, kaiju, bracken, kraken, malt, motus, trimmomatic, sickle, skewer, sortmerna, biobloomtools, fastq_screen, afterqc, fastp, fastqc, filtlong, prinseqplusplus, pychopper, porechop, pycoqc, minionqc, anglerfish, multivcfanalyzer, clusterflow, checkqc, bcl2fastq, bclconvert, interop, ivar, flash, seqyclean, optitype, whatshap, spaceranger, xenome, xengsort, metaphlan, seqwho
[2025-11-05 21:25:44,468] multiqc                                            [DEBUG  ]  Using temporary directory for creating report: /tmp/tmpf50uqnnt
[2025-11-05 21:25:44,473] multiqc                                            [INFO   ]  Search path : /home/khaled/Desktop/projects/Cutaneous_Leishmaniasisi/results
[2025-11-05 21:25:44,934] multiqc                                            [DEBUG  ]  Summary of files that were skipped by the search: [skipped_module_specific_max_filesize: 311] // [skipped_no_match: 26] // [skipped_directory_fn_ignore_dirs: 1]
[2025-11-05 21:25:44,953] multiqc                                            [DEBUG  ]  No samples found: custom_content
[2025-11-05 21:25:44,985] multiqc.modules.fastqc.fastqc                      [INFO   ]  Found 10 reports
[2025-11-05 21:25:44,985] multiqc.utils.util_functions                       [DEBUG  ]  Wrote data file multiqc_fastqc.txt
[2025-11-05 21:25:45,195] multiqc.plots.plotly.heatmap                       [DEBUG  ]  Heatmap size: 450x450, px per element: 45.00x45.00
[2025-11-05 21:25:45,199] multiqc.utils.software_versions                    [DEBUG  ]  Reading software versions from config.software_versions
[2025-11-05 21:25:45,201] multiqc.utils.util_functions                       [DEBUG  ]  Wrote data file multiqc_software_versions.txt
[2025-11-05 21:25:45,214] multiqc.utils.util_functions                       [DEBUG  ]  Wrote data file multiqc_general_stats.txt
[2025-11-05 21:25:45,214] multiqc                                            [DEBUG  ]  Compressing plot data
[2025-11-05 21:25:45,364] multiqc.utils.util_functions                       [DEBUG  ]  Wrote data file multiqc_data.json
[2025-11-05 21:25:45,364] multiqc                                            [INFO   ]  Existing reports found, adding suffix to filenames. Use '--force' to overwrite.
[2025-11-05 21:25:45,364] multiqc                                            [INFO   ]  Report      : multiqc/multiqc_report_1.html
[2025-11-05 21:25:45,365] multiqc                                            [INFO   ]  Data        : multiqc/multiqc_data_1
[2025-11-05 21:25:45,365] multiqc                                            [DEBUG  ]  Moving data file from '/tmp/tmpf50uqnnt/multiqc_data' to '/home/khaled/Desktop/projects/Cutaneous_Leishmaniasisi/results/multiqc/multiqc_data_1'
[2025-11-05 21:25:45,367] multiqc                                            [DEBUG  ]  Full report path: /home/khaled/Desktop/projects/Cutaneous_Leishmaniasisi/results/multiqc/multiqc_report_1.html
[2025-11-05 21:25:45,539] multiqc                                            [INFO   ]  MultiQC complete
